<?xml version="1.0" encoding="UTF-8"?>
<testng-results ignored="6" total="7" passed="1" failed="0" skipped="0">
  <reporter-output>
  </reporter-output>
  <suite started-at="2025-04-08T19:39:59 CDT" name="Default suite" finished-at="2025-04-08T19:40:38 CDT" duration-ms="38880">
    <groups>
    </groups>
    <test started-at="2025-04-08T19:39:59 CDT" name="Default test" finished-at="2025-04-08T19:40:38 CDT" duration-ms="38880">
      <class name="tests.InventoryTests">
        <test-method is-config="true" signature="driverSetUp()[pri:0, instance:tests.InventoryTests@72967906]" started-at="2025-04-08T19:39:59 CDT" name="driverSetUp" finished-at="2025-04-08T19:40:14 CDT" duration-ms="15505" status="PASS">
          <reporter-output>
          </reporter-output>
        </test-method> <!-- driverSetUp -->
        <test-method is-config="true" signature="beforeClass()[pri:0, instance:tests.InventoryTests@72967906]" started-at="2025-04-08T19:40:14 CDT" name="beforeClass" finished-at="2025-04-08T19:40:16 CDT" duration-ms="1784" status="PASS">
          <reporter-output>
          </reporter-output>
        </test-method> <!-- beforeClass -->
        <test-method signature="inventoryProductPageOnClick([Ljava.lang.String;)[pri:0, instance:tests.InventoryTests@72967906]" started-at="2025-04-08T19:40:16 CDT" name="inventoryProductPageOnClick" description="Verify clicking on product name brings to product page." data-provider="supportedProducts" finished-at="2025-04-08T19:40:21 CDT" duration-ms="5130" status="PASS">
          <params>
            <param index="0">
              <value>
                <![CDATA[[Ljava.lang.String;@19fe4644]]>
              </value>
            </param>
          </params>
          <reporter-output>
          </reporter-output>
        </test-method> <!-- inventoryProductPageOnClick -->
        <test-method is-config="true" signature="afterEach()[pri:0, instance:tests.InventoryTests@72967906]" started-at="2025-04-08T19:40:21 CDT" name="afterEach" finished-at="2025-04-08T19:40:34 CDT" duration-ms="13016" status="PASS">
          <reporter-output>
          </reporter-output>
        </test-method> <!-- afterEach -->
        <test-method is-config="true" signature="afterClass()[pri:0, instance:tests.InventoryTests@72967906]" started-at="2025-04-08T19:40:34 CDT" name="afterClass" finished-at="2025-04-08T19:40:36 CDT" duration-ms="1309" status="PASS">
          <reporter-output>
          </reporter-output>
        </test-method> <!-- afterClass -->
        <test-method is-config="true" signature="closeDriver()[pri:0, instance:tests.InventoryTests@72967906]" started-at="2025-04-08T19:40:36 CDT" name="closeDriver" finished-at="2025-04-08T19:40:38 CDT" duration-ms="2035" status="PASS">
          <reporter-output>
          </reporter-output>
        </test-method> <!-- closeDriver -->
      </class> <!-- tests.InventoryTests -->
    </test> <!-- Default test -->
  </suite> <!-- Default suite -->
</testng-results>
