<?xml version="1.0" encoding="UTF-8"?>
<!-- Generated by org.testng.reporters.JUnitXMLReporter -->
<testsuite ignored="6" hostname="DESKTOP-433DJUB" failures="0" tests="1" name="Default test" time="38.88" errors="0" timestamp="2025-04-08T19:40:38 CDT">
  <testcase classname="tests.InventoryTests" name="inventoryProductPageOnClick" time="5.13"/>
  <testcase classname="tests.InventoryTests" name="removeItemsFromCart" time="0.0">
    <ignored/>
  </testcase> <!-- removeItemsFromCart -->
  <testcase classname="tests.InventoryTests" name="addItemsToCart" time="0.0">
    <ignored/>
  </testcase> <!-- addItemsToCart -->
  <testcase classname="tests.InventoryTests" name="userCanLogout" time="0.0">
    <ignored/>
  </testcase> <!-- userCanLogout -->
  <testcase classname="tests.InventoryTests" name="canGoToCart" time="0.0">
    <ignored/>
  </testcase> <!-- canGoToCart -->
  <testcase classname="tests.InventoryTests" name="inventorySort" time="0.0">
    <ignored/>
  </testcase> <!-- inventorySort -->
  <testcase classname="tests.InventoryTests" name="userStateMaintained" time="0.0">
    <ignored/>
  </testcase> <!-- userStateMaintained -->
</testsuite> <!-- Default test -->
